1508470781	2017-10-20 03:39:41	P	ableton:plugins:c_template	lurker:ableton:plugins:c_template	success	
1508470781	2017-10-20 03:39:41	P	ableton:plugins:compressor	lurker:ableton:plugins:compressor	success	
1508470781	2017-10-20 03:39:41	P	ableton:plugins:eq_eight	lurker:ableton:plugins:eq_eight	success	
1508470781	2017-10-20 03:39:41	P	ableton:plugins:eq_three	lurker:ableton:plugins:eq_three	success	
1508470781	2017-10-20 03:39:41	P	ableton:c_template	lurker:ableton:c_template	success	
1508470781	2017-10-20 03:39:41	P	ableton:guides	lurker:ableton:guides	success	
1508470781	2017-10-20 03:39:41	P	ableton:misc	lurker:ableton:misc	success	
1508470781	2017-10-20 03:39:41	P	ableton:plugins	lurker:ableton:plugins	success	
1508470781	2017-10-20 03:39:41	P	design:color	lurker:design:color	success	
1508470781	2017-10-20 03:39:41	P	editing:basics	lurker:editing:basics	success	
1508470781	2017-10-20 03:39:41	P	editing:c_template	lurker:editing:c_template	success	
1508470781	2017-10-20 03:39:41	P	editing:manual_of_style	lurker:editing:manual_of_style	success	
1508470781	2017-10-20 03:39:41	P	flstudio:plugins:edison	lurker:flstudio:plugins:edison	success	
1508470781	2017-10-20 03:39:41	P	flstudio:plugins:parametric_eq_2	lurker:flstudio:plugins:parametric_eq_2	success	
1508470781	2017-10-20 03:39:41	P	flstudio:c_template	lurker:flstudio:c_template	success	
1508470781	2017-10-20 03:39:41	P	flstudio:guides	lurker:flstudio:guides	success	
1508470781	2017-10-20 03:39:41	P	flstudio:misc	lurker:flstudio:misc	success	
1508470781	2017-10-20 03:39:41	P	flstudio:plugins	lurker:flstudio:plugins	success	
1508470781	2017-10-20 03:39:41	P	g:audio	lurker:g:audio	success	
1508470781	2017-10-20 03:39:41	P	g:music	lurker:g:music	success	
1508470781	2017-10-20 03:39:41	P	logic:plugins:channel_eq	lurker:logic:plugins:channel_eq	success	
1508470781	2017-10-20 03:39:41	P	logic:c_template	lurker:logic:c_template	success	
1508470781	2017-10-20 03:39:41	P	logic:guides	lurker:logic:guides	success	
1508470781	2017-10-20 03:39:41	P	logic:misc	lurker:logic:misc	success	
1508470781	2017-10-20 03:39:41	P	logic:plugins	lurker:logic:plugins	success	
1508470781	2017-10-20 03:39:41	P	protools:guides	lurker:protools:guides	success	
1508470781	2017-10-20 03:39:41	P	protools:misc	lurker:protools:misc	success	
1508470781	2017-10-20 03:39:41	P	protools:plugins	lurker:protools:plugins	success	
1508470781	2017-10-20 03:39:41	P	reaper:plugins:rea_comp	lurker:reaper:plugins:rea_comp	success	
1508470781	2017-10-20 03:39:41	P	reaper:plugins:rea_eq	lurker:reaper:plugins:rea_eq	success	
1508470781	2017-10-20 03:39:41	P	reaper:plugins:rea_pitch	lurker:reaper:plugins:rea_pitch	success	
1508470781	2017-10-20 03:39:41	P	reaper:c_template	lurker:reaper:c_template	success	
1508470781	2017-10-20 03:39:41	P	reaper:guides	lurker:reaper:guides	success	
1508470781	2017-10-20 03:39:41	P	reaper:misc	lurker:reaper:misc	success	
1508470781	2017-10-20 03:39:41	P	reaper:plugins	lurker:reaper:plugins	success	
1508470781	2017-10-20 03:39:41	P	reason:c_template	lurker:reason:c_template	success	
1508470781	2017-10-20 03:39:41	P	reason:guides	lurker:reason:guides	success	
1508470781	2017-10-20 03:39:41	P	reason:misc	lurker:reason:misc	success	
1508470781	2017-10-20 03:39:41	P	reason:plugins	lurker:reason:plugins	success	
1508470781	2017-10-20 03:39:41	P	sandbox:colortest	lurker:sandbox:colortest	success	
1508470781	2017-10-20 03:39:41	P	sandbox:imageboxtest	lurker:sandbox:imageboxtest	success	
1508470781	2017-10-20 03:39:41	P	sandbox:templatetest	lurker:sandbox:templatetest	success	
1508470781	2017-10-20 03:39:41	P	template:test	lurker:template:test	success	
1508470781	2017-10-20 03:39:41	P	templates:c_template	lurker:templates:c_template	success	
1508470819	2017-10-20 03:40:19	P	wiki:syntax	lurker:wiki:syntax	success	
1508470819	2017-10-20 03:40:19	P	ableton	lurker:ableton	success	
1508470819	2017-10-20 03:40:19	P	design	lurker:design	success	
1508470819	2017-10-20 03:40:19	P	editing	lurker:editing	success	
1508470819	2017-10-20 03:40:19	P	flstudio	lurker:flstudio	success	
1508470819	2017-10-20 03:40:19	P	g	lurker:g	success	
1508470819	2017-10-20 03:40:19	P	logic	lurker:logic	success	
1508470819	2017-10-20 03:40:19	P	main	lurker:main	success	
1508470819	2017-10-20 03:40:19	P	protools	lurker:protools	success	
